<?xml version="1.0" encoding="UTF-8"?>
<!-- Generated by org.testng.reporters.JUnitXMLReporter -->
<testsuite ignored="0" hostname="PAVAN09FA" failures="2" tests="2" name="OpencartTest" time="27.477" errors="0" timestamp="2022-11-14T07:37:54 IST">
  <testcase classname="testCases.TC_001_AccountRegistrationTest" name="test_account_Registration" time="4.712">
    <failure type="java.lang.AssertionError" message="Test failed expected [Your Account Has Been Created!!!] but found [Your Account Has Been Created!]">
      <![CDATA[java.lang.AssertionError: Test failed expected [Your Account Has Been Created!!!] but found [Your Account Has Been Created!]
at testCases.TC_001_AccountRegistrationTest.test_account_Registration(TC_001_AccountRegistrationTest.java:48)
at java.base/java.util.ArrayList.forEach(ArrayList.java:1511)
... Removed 32 stack frames]]>
    </failure>
  </testcase> <!-- test_account_Registration -->
  <testcase classname="testCases.TC_002_LoginTest" name="test_login" time="11.555">
    <failure type="java.lang.AssertionError" message="Invalid login data expected [true] but found [false]">
      <![CDATA[java.lang.AssertionError: Invalid login data expected [true] but found [false]
at testCases.TC_002_LoginTest.test_login(TC_002_LoginTest.java:38)
at java.base/java.util.ArrayList.forEach(ArrayList.java:1511)
... Removed 32 stack frames]]>
    </failure>
  </testcase> <!-- test_login -->
</testsuite> <!-- OpencartTest -->
